[11:25:15:616] [INFO] - org.springframework.context.support.AbstractApplicationContext.prepareRefresh(AbstractApplicationContext.java:583) - Refreshing org.springframework.context.annotation.AnnotationConfigApplicationContext@3ffcd140: startup date [Fri Jan 05 11:25:15 CST 2018]; root of context hierarchy
[11:25:16:399] [INFO] - org.springframework.web.servlet.handler.AbstractHandlerMethodMapping$MappingRegistry.register(AbstractHandlerMethodMapping.java:543) - Mapped "{[/updateUser]}" onto public com.zhang.jiwei.entity.User com.zhang.jiwei.controller.UserController.getUserNameById(com.zhang.jiwei.entity.User)
[11:25:16:400] [INFO] - org.springframework.web.servlet.handler.AbstractHandlerMethodMapping$MappingRegistry.register(AbstractHandlerMethodMapping.java:543) - Mapped "{[/getUserNameById]}" onto public java.lang.String com.zhang.jiwei.controller.UserController.getUserNameById(int)
[11:25:16:401] [INFO] - org.springframework.web.servlet.handler.AbstractHandlerMethodMapping$MappingRegistry.register(AbstractHandlerMethodMapping.java:543) - Mapped "{[/getUserByName]}" onto public com.zhang.jiwei.entity.User com.zhang.jiwei.controller.UserController.getUserByName(java.lang.String)
[11:25:16:402] [INFO] - org.springframework.web.servlet.handler.AbstractHandlerMethodMapping$MappingRegistry.register(AbstractHandlerMethodMapping.java:543) - Mapped "{[/getUserById]}" onto public com.zhang.jiwei.entity.User com.zhang.jiwei.controller.UserController.getUserById(int)
[11:25:16:417] [WARN] - org.springframework.context.support.AbstractApplicationContext.refresh(AbstractApplicationContext.java:551) - Exception encountered during context initialization - cancelling refresh attempt: org.springframework.beans.factory.BeanCreationException: Error creating bean with name 'resourceHandlerMapping' defined in org.springframework.web.servlet.config.annotation.DelegatingWebMvcConfiguration: Bean instantiation via factory method failed; nested exception is org.springframework.beans.BeanInstantiationException: Failed to instantiate [org.springframework.web.servlet.HandlerMapping]: Factory method 'resourceHandlerMapping' threw exception; nested exception is java.lang.IllegalStateException: No ServletContext set
[11:40:02:114] [INFO] - org.eclipse.jetty.util.log.Log.initialized(Log.java:192) - Logging initialized @789ms to org.eclipse.jetty.util.log.Slf4jLog
[11:40:02:264] [INFO] - org.eclipse.jetty.server.Server.doStart(Server.java:373) - jetty-9.4.8.v20171121, build timestamp: 2017-11-22T05:27:37+08:00, git hash: 82b8fb23f757335bb3329d540ce37a2a2615f0a8
[11:40:02:607] [WARN] - org.eclipse.jetty.webapp.WebInfConfiguration.unpack(WebInfConfiguration.java:664) - Web application not found E:\workspace\spring_anno_mvc/spring_anno_mvc/src/main/webapp
[11:40:02:607] [WARN] - org.eclipse.jetty.webapp.WebAppContext.doStart(WebAppContext.java:554) - Failed startup of context o.e.j.w.WebAppContext@4445629{/,null,UNAVAILABLE}{E:\workspace\spring_anno_mvc/spring_anno_mvc/src/main/webapp}
java.io.FileNotFoundException: E:\workspace\spring_anno_mvc/spring_anno_mvc/src/main/webapp
	at org.eclipse.jetty.webapp.WebInfConfiguration.unpack(WebInfConfiguration.java:665) ~[jetty-webapp-9.4.8.v20171121.jar:9.4.8.v20171121]
	at org.eclipse.jetty.webapp.WebInfConfiguration.preConfigure(WebInfConfiguration.java:154) ~[jetty-webapp-9.4.8.v20171121.jar:9.4.8.v20171121]
	at org.eclipse.jetty.webapp.WebAppContext.preConfigure(WebAppContext.java:506) ~[jetty-webapp-9.4.8.v20171121.jar:9.4.8.v20171121]
	at org.eclipse.jetty.webapp.WebAppContext.doStart(WebAppContext.java:544) [jetty-webapp-9.4.8.v20171121.jar:9.4.8.v20171121]
	at org.eclipse.jetty.util.component.AbstractLifeCycle.start(AbstractLifeCycle.java:68) [jetty-util-9.4.8.v20171121.jar:9.4.8.v20171121]
	at org.eclipse.jetty.util.component.ContainerLifeCycle.start(ContainerLifeCycle.java:133) [jetty-util-9.4.8.v20171121.jar:9.4.8.v20171121]
	at org.eclipse.jetty.server.Server.start(Server.java:418) [jetty-server-9.4.8.v20171121.jar:9.4.8.v20171121]
	at org.eclipse.jetty.util.component.ContainerLifeCycle.doStart(ContainerLifeCycle.java:107) [jetty-util-9.4.8.v20171121.jar:9.4.8.v20171121]
	at org.eclipse.jetty.server.handler.AbstractHandler.doStart(AbstractHandler.java:113) [jetty-server-9.4.8.v20171121.jar:9.4.8.v20171121]
	at org.eclipse.jetty.server.Server.doStart(Server.java:385) [jetty-server-9.4.8.v20171121.jar:9.4.8.v20171121]
	at org.eclipse.jetty.util.component.AbstractLifeCycle.start(AbstractLifeCycle.java:68) [jetty-util-9.4.8.v20171121.jar:9.4.8.v20171121]
	at com.zhang.jiwei.StartUp.main(StartUp.java:24) [classes/:?]
	at sun.reflect.NativeMethodAccessorImpl.invoke0(Native Method) ~[?:1.8.0_121]
	at sun.reflect.NativeMethodAccessorImpl.invoke(NativeMethodAccessorImpl.java:62) ~[?:1.8.0_121]
	at sun.reflect.DelegatingMethodAccessorImpl.invoke(DelegatingMethodAccessorImpl.java:43) ~[?:1.8.0_121]
	at java.lang.reflect.Method.invoke(Method.java:498) ~[?:1.8.0_121]
	at com.intellij.rt.execution.application.AppMain.main(AppMain.java:147) [idea_rt.jar:?]
[11:40:02:746] [INFO] - org.eclipse.jetty.server.AbstractConnector.doStart(AbstractConnector.java:288) - Started ServerConnector@7f77e91b{HTTP/1.1,[http/1.1]}{0.0.0.0:8080}
[11:40:02:747] [INFO] - org.eclipse.jetty.server.Server.doStart(Server.java:410) - Started @1422ms
[11:40:25:524] [INFO] - org.eclipse.jetty.util.log.Log.initialized(Log.java:192) - Logging initialized @630ms to org.eclipse.jetty.util.log.Slf4jLog
[11:40:25:634] [INFO] - org.eclipse.jetty.server.Server.doStart(Server.java:373) - jetty-9.4.8.v20171121, build timestamp: 2017-11-22T05:27:37+08:00, git hash: 82b8fb23f757335bb3329d540ce37a2a2615f0a8
[11:40:27:449] [INFO] - org.eclipse.jetty.webapp.StandardDescriptorProcessor.visitServlet(StandardDescriptorProcessor.java:281) - NO JSP Support for /, did not find org.eclipse.jetty.jsp.JettyJspServlet
[11:40:27:465] [INFO] - org.eclipse.jetty.server.session.DefaultSessionIdManager.doStart(DefaultSessionIdManager.java:364) - DefaultSessionIdManager workerName=node0
[11:40:27:465] [INFO] - org.eclipse.jetty.server.session.DefaultSessionIdManager.doStart(DefaultSessionIdManager.java:369) - No SessionScavenger set, using defaults
[11:40:27:465] [INFO] - org.eclipse.jetty.server.session.HouseKeeper.startScavenging(HouseKeeper.java:149) - Scavenging every 600000ms
[11:40:27:524] [INFO] - org.eclipse.jetty.server.handler.ContextHandler.doStart(ContextHandler.java:788) - Started o.e.j.w.WebAppContext@4445629{/,file:///E:/workspace/spring_anno_mvc/src/main/webapp/,AVAILABLE}{E:\workspace\spring_anno_mvc/src/main/webapp}
[11:40:27:560] [INFO] - org.eclipse.jetty.server.AbstractConnector.doStart(AbstractConnector.java:288) - Started ServerConnector@7f77e91b{HTTP/1.1,[http/1.1]}{0.0.0.0:8080}
[11:40:27:562] [INFO] - org.eclipse.jetty.server.Server.doStart(Server.java:410) - Started @2664ms
[11:41:47:500] [INFO] - org.eclipse.jetty.server.ResourceService.doGet(ResourceService.java:238) - content=null
[11:41:47:578] [INFO] - org.eclipse.jetty.server.ResourceService.doGet(ResourceService.java:238) - content=null
[11:50:23:815] [INFO] - org.eclipse.jetty.util.log.Log.initialized(Log.java:192) - Logging initialized @651ms to org.eclipse.jetty.util.log.Slf4jLog
[11:59:37:235] [INFO] - org.eclipse.jetty.util.log.Log.initialized(Log.java:192) - Logging initialized @761ms to org.eclipse.jetty.util.log.Slf4jLog
[11:59:37:458] [INFO] - org.eclipse.jetty.server.Server.doStart(Server.java:373) - jetty-9.4.8.v20171121, build timestamp: 2017-11-22T05:27:37+08:00, git hash: 82b8fb23f757335bb3329d540ce37a2a2615f0a8
[11:59:38:042] [INFO] - org.eclipse.jetty.webapp.StandardDescriptorProcessor.visitServlet(StandardDescriptorProcessor.java:281) - NO JSP Support for /, did not find org.eclipse.jetty.jsp.JettyJspServlet
[11:59:38:108] [INFO] - org.eclipse.jetty.server.session.DefaultSessionIdManager.doStart(DefaultSessionIdManager.java:364) - DefaultSessionIdManager workerName=node0
[11:59:38:108] [INFO] - org.eclipse.jetty.server.session.DefaultSessionIdManager.doStart(DefaultSessionIdManager.java:369) - No SessionScavenger set, using defaults
[11:59:38:112] [INFO] - org.eclipse.jetty.server.session.HouseKeeper.startScavenging(HouseKeeper.java:149) - Scavenging every 660000ms
[11:59:38:178] [INFO] - org.eclipse.jetty.server.handler.ContextHandler$Context.log(ContextHandler.java:2221) - Initializing Spring root WebApplicationContext
[11:59:38:178] [INFO] - org.springframework.web.context.ContextLoader.initWebApplicationContext(ContextLoader.java:304) - Root WebApplicationContext: initialization started
[11:59:38:326] [INFO] - org.springframework.context.support.AbstractApplicationContext.prepareRefresh(AbstractApplicationContext.java:583) - Refreshing Root WebApplicationContext: startup date [Fri Jan 05 11:59:38 CST 2018]; root of context hierarchy
[11:59:38:356] [INFO] - org.springframework.web.context.support.AnnotationConfigWebApplicationContext.loadBeanDefinitions(AnnotationConfigWebApplicationContext.java:227) - Successfully resolved class for [com.zhang.jiwei.config.SpringConfig]
[11:59:39:624] [INFO] - org.springframework.web.servlet.handler.AbstractHandlerMethodMapping$MappingRegistry.register(AbstractHandlerMethodMapping.java:543) - Mapped "{[/updateUser]}" onto public com.zhang.jiwei.entity.User com.zhang.jiwei.controller.UserController.getUserNameById(com.zhang.jiwei.entity.User)
[11:59:39:624] [INFO] - org.springframework.web.servlet.handler.AbstractHandlerMethodMapping$MappingRegistry.register(AbstractHandlerMethodMapping.java:543) - Mapped "{[/getUserNameById]}" onto public java.lang.String com.zhang.jiwei.controller.UserController.getUserNameById(int)
[11:59:39:624] [INFO] - org.springframework.web.servlet.handler.AbstractHandlerMethodMapping$MappingRegistry.register(AbstractHandlerMethodMapping.java:543) - Mapped "{[/getUserById]}" onto public com.zhang.jiwei.entity.User com.zhang.jiwei.controller.UserController.getUserById(int)
[11:59:39:624] [INFO] - org.springframework.web.servlet.handler.AbstractHandlerMethodMapping$MappingRegistry.register(AbstractHandlerMethodMapping.java:543) - Mapped "{[/getUserByName]}" onto public com.zhang.jiwei.entity.User com.zhang.jiwei.controller.UserController.getUserByName(java.lang.String)
[11:59:39:655] [INFO] - org.springframework.web.servlet.handler.AbstractUrlHandlerMapping.registerHandler(AbstractUrlHandlerMapping.java:362) - Mapped URL path [/**] onto handler of type [class org.springframework.web.servlet.resource.DefaultServletHttpRequestHandler]
[11:59:39:891] [INFO] - org.springframework.web.servlet.mvc.method.annotation.RequestMappingHandlerAdapter.initControllerAdviceCache(RequestMappingHandlerAdapter.java:534) - Looking for @ControllerAdvice: Root WebApplicationContext: startup date [Fri Jan 05 11:59:38 CST 2018]; root of context hierarchy
[11:59:40:016] [INFO] - org.springframework.web.context.ContextLoader.initWebApplicationContext(ContextLoader.java:344) - Root WebApplicationContext: initialization completed in 1838 ms
[11:59:40:063] [INFO] - org.eclipse.jetty.server.handler.ContextHandler.doStart(ContextHandler.java:788) - Started o.e.j.w.WebAppContext@4386f16{/,file:///E:/workspace/spring_anno_mvc/src/main/webapp/,AVAILABLE}{E:\workspace\spring_anno_mvc/src/main/webapp}
[11:59:40:107] [INFO] - org.eclipse.jetty.server.AbstractConnector.doStart(AbstractConnector.java:288) - Started ServerConnector@7f77e91b{HTTP/1.1,[http/1.1]}{0.0.0.0:8080}
[11:59:40:107] [INFO] - org.eclipse.jetty.server.Server.doStart(Server.java:410) - Started @3636ms
[12:00:00:615] [INFO] - org.eclipse.jetty.server.handler.ContextHandler$Context.log(ContextHandler.java:2221) - Initializing Spring FrameworkServlet 'dispatcher'
[12:00:00:615] [INFO] - org.springframework.web.servlet.FrameworkServlet.initServletBean(FrameworkServlet.java:489) - FrameworkServlet 'dispatcher': initialization started
[12:00:00:617] [INFO] - org.springframework.context.support.AbstractApplicationContext.prepareRefresh(AbstractApplicationContext.java:583) - Refreshing WebApplicationContext for namespace 'dispatcher-servlet': startup date [Fri Jan 05 12:00:00 CST 2018]; parent: Root WebApplicationContext
[12:00:00:618] [INFO] - org.springframework.web.context.support.AnnotationConfigWebApplicationContext.loadBeanDefinitions(AnnotationConfigWebApplicationContext.java:227) - Successfully resolved class for [com.zhang.jiwei.config.MvcConfig]
[12:00:00:682] [INFO] - org.springframework.web.servlet.handler.AbstractHandlerMethodMapping$MappingRegistry.register(AbstractHandlerMethodMapping.java:543) - Mapped "{[/updateUser]}" onto public com.zhang.jiwei.entity.User com.zhang.jiwei.controller.UserController.getUserNameById(com.zhang.jiwei.entity.User)
[12:00:00:682] [INFO] - org.springframework.web.servlet.handler.AbstractHandlerMethodMapping$MappingRegistry.register(AbstractHandlerMethodMapping.java:543) - Mapped "{[/getUserNameById]}" onto public java.lang.String com.zhang.jiwei.controller.UserController.getUserNameById(int)
[12:00:00:683] [INFO] - org.springframework.web.servlet.handler.AbstractHandlerMethodMapping$MappingRegistry.register(AbstractHandlerMethodMapping.java:543) - Mapped "{[/getUserById]}" onto public com.zhang.jiwei.entity.User com.zhang.jiwei.controller.UserController.getUserById(int)
[12:00:00:683] [INFO] - org.springframework.web.servlet.handler.AbstractHandlerMethodMapping$MappingRegistry.register(AbstractHandlerMethodMapping.java:543) - Mapped "{[/getUserByName]}" onto public com.zhang.jiwei.entity.User com.zhang.jiwei.controller.UserController.getUserByName(java.lang.String)
[12:00:00:690] [INFO] - org.springframework.web.servlet.handler.AbstractUrlHandlerMapping.registerHandler(AbstractUrlHandlerMapping.java:362) - Mapped URL path [/**] onto handler of type [class org.springframework.web.servlet.resource.DefaultServletHttpRequestHandler]
[12:00:00:696] [INFO] - org.springframework.web.servlet.mvc.method.annotation.RequestMappingHandlerAdapter.initControllerAdviceCache(RequestMappingHandlerAdapter.java:534) - Looking for @ControllerAdvice: WebApplicationContext for namespace 'dispatcher-servlet': startup date [Fri Jan 05 12:00:00 CST 2018]; parent: Root WebApplicationContext
[12:00:00:734] [INFO] - org.springframework.web.servlet.FrameworkServlet.initServletBean(FrameworkServlet.java:508) - FrameworkServlet 'dispatcher': initialization completed in 119 ms
[12:00:00:794] [INFO] - com.zhang.jiwei.inteceptor.CharInterceptor.preHandle(CharInterceptor.java:20) - request url : /v1/getUserById
[12:00:00:825] [INFO] - com.zhang.jiwei.dao.impl.UserDaoImpl.queryUserById(UserDaoImpl.java:19) - UserDaoImpl id:15
[12:00:00:825] [INFO] - com.zhang.jiwei.service.impl.UserServiceImpl.getUserNameById(UserServiceImpl.java:25) - user:User{id=15, name='name15', age=30}
