[11:25:16:417] [WARN] - org.springframework.context.support.AbstractApplicationContext.refresh(AbstractApplicationContext.java:551) - Exception encountered during context initialization - cancelling refresh attempt: org.springframework.beans.factory.BeanCreationException: Error creating bean with name 'resourceHandlerMapping' defined in org.springframework.web.servlet.config.annotation.DelegatingWebMvcConfiguration: Bean instantiation via factory method failed; nested exception is org.springframework.beans.BeanInstantiationException: Failed to instantiate [org.springframework.web.servlet.HandlerMapping]: Factory method 'resourceHandlerMapping' threw exception; nested exception is java.lang.IllegalStateException: No ServletContext set
[11:40:02:607] [WARN] - org.eclipse.jetty.webapp.WebInfConfiguration.unpack(WebInfConfiguration.java:664) - Web application not found E:\workspace\spring_anno_mvc/spring_anno_mvc/src/main/webapp
[11:40:02:607] [WARN] - org.eclipse.jetty.webapp.WebAppContext.doStart(WebAppContext.java:554) - Failed startup of context o.e.j.w.WebAppContext@4445629{/,null,UNAVAILABLE}{E:\workspace\spring_anno_mvc/spring_anno_mvc/src/main/webapp}
java.io.FileNotFoundException: E:\workspace\spring_anno_mvc/spring_anno_mvc/src/main/webapp
	at org.eclipse.jetty.webapp.WebInfConfiguration.unpack(WebInfConfiguration.java:665) ~[jetty-webapp-9.4.8.v20171121.jar:9.4.8.v20171121]
	at org.eclipse.jetty.webapp.WebInfConfiguration.preConfigure(WebInfConfiguration.java:154) ~[jetty-webapp-9.4.8.v20171121.jar:9.4.8.v20171121]
	at org.eclipse.jetty.webapp.WebAppContext.preConfigure(WebAppContext.java:506) ~[jetty-webapp-9.4.8.v20171121.jar:9.4.8.v20171121]
	at org.eclipse.jetty.webapp.WebAppContext.doStart(WebAppContext.java:544) [jetty-webapp-9.4.8.v20171121.jar:9.4.8.v20171121]
	at org.eclipse.jetty.util.component.AbstractLifeCycle.start(AbstractLifeCycle.java:68) [jetty-util-9.4.8.v20171121.jar:9.4.8.v20171121]
	at org.eclipse.jetty.util.component.ContainerLifeCycle.start(ContainerLifeCycle.java:133) [jetty-util-9.4.8.v20171121.jar:9.4.8.v20171121]
	at org.eclipse.jetty.server.Server.start(Server.java:418) [jetty-server-9.4.8.v20171121.jar:9.4.8.v20171121]
	at org.eclipse.jetty.util.component.ContainerLifeCycle.doStart(ContainerLifeCycle.java:107) [jetty-util-9.4.8.v20171121.jar:9.4.8.v20171121]
	at org.eclipse.jetty.server.handler.AbstractHandler.doStart(AbstractHandler.java:113) [jetty-server-9.4.8.v20171121.jar:9.4.8.v20171121]
	at org.eclipse.jetty.server.Server.doStart(Server.java:385) [jetty-server-9.4.8.v20171121.jar:9.4.8.v20171121]
	at org.eclipse.jetty.util.component.AbstractLifeCycle.start(AbstractLifeCycle.java:68) [jetty-util-9.4.8.v20171121.jar:9.4.8.v20171121]
	at com.zhang.jiwei.StartUp.main(StartUp.java:24) [classes/:?]
	at sun.reflect.NativeMethodAccessorImpl.invoke0(Native Method) ~[?:1.8.0_121]
	at sun.reflect.NativeMethodAccessorImpl.invoke(NativeMethodAccessorImpl.java:62) ~[?:1.8.0_121]
	at sun.reflect.DelegatingMethodAccessorImpl.invoke(DelegatingMethodAccessorImpl.java:43) ~[?:1.8.0_121]
	at java.lang.reflect.Method.invoke(Method.java:498) ~[?:1.8.0_121]
	at com.intellij.rt.execution.application.AppMain.main(AppMain.java:147) [idea_rt.jar:?]
