[10:31:59:902] [INFO] - com.zhang.jiwei.service.impl.UserServiceImpl.getUserNameById(UserServiceImpl.java:25) - user:User{id=1, name='zhangsan', age=15}
[10:45:44:688] [INFO] - com.zhang.jiwei.service.impl.UserServiceImpl.getUserNameById(UserServiceImpl.java:25) - user:User{id=1, name='zhangsan', age=15}
[10:50:05:668] [INFO] - com.zhang.jiwei.service.impl.UserServiceImpl.getUserNameById(UserServiceImpl.java:25) - user:User{id=1, name='name', age=15}
[10:50:24:862] [INFO] - com.zhang.jiwei.service.impl.UserServiceImpl.getUserNameById(UserServiceImpl.java:25) - user:User{id=1, name='zhangsan', age=15}
[11:19:45:067] [INFO] - com.zhang.jiwei.service.impl.UserServiceImpl.getUserNameById(UserServiceImpl.java:25) - user:User{id=1, name='zhangsan', age=15}
[11:22:10:367] [INFO] - com.zhang.jiwei.service.impl.UserServiceImpl.getUserNameById(UserServiceImpl.java:25) - user:User{id=1, name='zhangsan', age=15}
[11:39:06:569] [INFO] - com.zhang.jiwei.service.impl.UserServiceImpl.getUserNameById(UserServiceImpl.java:25) - user:User{id=1, name='zhangsan', age=15}
[11:39:36:750] [INFO] - com.zhang.jiwei.service.impl.UserServiceImpl.getUserNameById(UserServiceImpl.java:25) - user:User{id=1, name='zhangsan', age=15}
[11:48:19:386] [INFO] - com.zhang.jiwei.service.impl.UserServiceImpl.getUserNameById(UserServiceImpl.java:25) - user:User{id=1, name='zhangsan', age=15}
[11:54:11:680] [INFO] - com.zhang.jiwei.service.impl.UserServiceImpl.getUserNameById(UserServiceImpl.java:25) - user:User{id=1, name='zhangsan', age=15}
[13:36:48:189] [INFO] - com.zhang.jiwei.service.impl.UserServiceImpl.getUserNameById(UserServiceImpl.java:25) - user:User{id=1, name='zhangsan', age=15}
[13:38:29:451] [INFO] - com.zhang.jiwei.service.impl.UserServiceImpl.getUserNameById(UserServiceImpl.java:25) - user:User{id=1, name='zhangsan', age=15}
[13:39:33:350] [INFO] - com.zhang.jiwei.service.impl.UserServiceImpl.getUserNameById(UserServiceImpl.java:25) - user:User{id=1, name='zhangsan', age=15}
[13:46:39:665] [INFO] - com.zhang.jiwei.service.impl.UserServiceImpl.getUserNameById(UserServiceImpl.java:25) - user:User{id=1, name='zhangsan', age=15}
[13:47:59:117] [INFO] - com.zhang.jiwei.service.impl.UserServiceImpl.getUserNameById(UserServiceImpl.java:25) - user:User{id=1, name='zhangsan', age=15}
[13:48:53:681] [INFO] - com.zhang.jiwei.service.impl.UserServiceImpl.getUserNameById(UserServiceImpl.java:25) - user:User{id=1, name='zhangsan', age=15}
[13:51:29:323] [INFO] - com.zhang.jiwei.service.impl.UserServiceImpl.getUserNameById(UserServiceImpl.java:25) - user:User{id=1, name='zhangsan', age=15}
[13:52:29:308] [INFO] - com.zhang.jiwei.service.impl.UserServiceImpl.getUserNameById(UserServiceImpl.java:25) - user:User{id=1, name='zhangsan', age=15}
[13:59:46:979] [INFO] - com.zhang.jiwei.service.impl.UserServiceImpl.getUserNameById(UserServiceImpl.java:25) - user:User{id=1, name='zhangsan', age=15}
[14:00:08:984] [INFO] - com.zhang.jiwei.service.impl.UserServiceImpl.getUserNameById(UserServiceImpl.java:25) - user:User{id=1, name='zhangsan', age=15}
[14:04:20:713] [INFO] - com.zhang.jiwei.service.impl.UserServiceImpl.getUserNameById(UserServiceImpl.java:25) - user:User{id=1, name='zhangsan', age=15}
[14:06:10:653] [INFO] - com.zhang.jiwei.service.impl.UserServiceImpl.getUserNameById(UserServiceImpl.java:25) - user:User{id=1, name='zhangsan', age=15}
[14:10:15:025] [INFO] - com.zhang.jiwei.service.impl.UserServiceImpl.getUserNameById(UserServiceImpl.java:25) - user:User{id=1, name='zhangsan', age=15}
[14:27:44:996] [INFO] - com.zhang.jiwei.service.impl.UserServiceImpl.getUserNameById(UserServiceImpl.java:25) - user:User{id=1, name='zhangsan', age=15}
[14:29:16:850] [INFO] - com.zhang.jiwei.service.impl.UserServiceImpl.getUserNameById(UserServiceImpl.java:25) - user:User{id=1, name='zhangsan', age=15}
[14:36:07:894] [INFO] - com.zhang.jiwei.service.impl.UserServiceImpl.getUserNameById(UserServiceImpl.java:25) - user:User{id=1, name='zhangsan', age=15}
[14:58:33:171] [INFO] - com.zhang.jiwei.service.impl.UserServiceImpl.getUserNameById(UserServiceImpl.java:25) - user:User{id=1, name='zhangsan', age=15}
[15:21:25:898] [INFO] - com.zhang.jiwei.service.impl.UserServiceImpl.getUserNameById(UserServiceImpl.java:25) - user:User{id=1, name='zhangsan', age=15}
[15:24:45:657] [INFO] - com.zhang.jiwei.dao.impl.UserDaoImpl.queryUserById(UserDaoImpl.java:19) - UserDaoImpl id:1
[15:25:02:308] [INFO] - com.zhang.jiwei.dao.impl.UserDaoImpl.queryUserById(UserDaoImpl.java:19) - UserDaoImpl id:1
[15:25:47:802] [INFO] - com.zhang.jiwei.dao.impl.UserDaoImpl.queryUserById(UserDaoImpl.java:19) - UserDaoImpl id:1
[15:25:47:808] [INFO] - com.zhang.jiwei.service.impl.UserServiceImpl.getUserNameById(UserServiceImpl.java:25) - user:User{id=1, name='name1', age=16}
[15:26:03:312] [INFO] - com.zhang.jiwei.dao.impl.UserDaoImpl.queryUserById(UserDaoImpl.java:19) - UserDaoImpl id:1
[15:26:03:312] [INFO] - com.zhang.jiwei.service.impl.UserServiceImpl.getUserNameById(UserServiceImpl.java:25) - user:User{id=1, name='name1', age=16}
[15:50:15:306] [INFO] - com.zhang.jiwei.dao.impl.UserDaoImpl.queryUserById(UserDaoImpl.java:19) - UserDaoImpl id:1
[15:52:50:673] [INFO] - com.zhang.jiwei.service.impl.UserServiceImpl.getUserNameById(UserServiceImpl.java:25) - user:User{id=1, name='zhangsan', age=15}
[15:53:31:638] [INFO] - com.zhang.jiwei.service.impl.UserServiceImpl.getUserNameById(UserServiceImpl.java:25) - user:User{id=10, name='hello', age=16}
[16:14:08:675] [INFO] - com.zhang.jiwei.service.impl.UserServiceImpl.getUserNameById(UserServiceImpl.java:25) - user:User{id=1, name='zhangsan', age=15}
[16:22:43:221] [INFO] - com.zhang.jiwei.service.impl.UserServiceImpl.getUserNameById(UserServiceImpl.java:25) - user:User{id=1, name='zhangsan', age=15}
[16:25:20:657] [INFO] - com.zhang.jiwei.dao.impl.UserDaoImpl.queryUserById(UserDaoImpl.java:19) - UserDaoImpl id:0
[16:25:40:797] [INFO] - com.zhang.jiwei.dao.impl.UserDaoImpl.queryUserById(UserDaoImpl.java:19) - UserDaoImpl id:0
[16:25:51:359] [INFO] - com.zhang.jiwei.dao.impl.UserDaoImpl.queryUserById(UserDaoImpl.java:19) - UserDaoImpl id:1
[16:25:51:359] [INFO] - com.zhang.jiwei.service.impl.UserServiceImpl.getUserNameById(UserServiceImpl.java:25) - user:User{id=1, name='name1', age=16}
[16:46:47:462] [INFO] - com.zhang.jiwei.service.impl.UserServiceImpl.getUserNameById(UserServiceImpl.java:25) - user:User{id=1, name='zhangsan', age=15}
[16:50:23:099] [INFO] - com.zhang.jiwei.dao.impl.UserDaoImpl.queryUserById(UserDaoImpl.java:19) - UserDaoImpl id:1
[16:50:24:107] [INFO] - com.zhang.jiwei.service.impl.UserServiceImpl.getUserNameById(UserServiceImpl.java:25) - user:User{id=1, name='name1', age=16}
[16:51:58:592] [INFO] - com.zhang.jiwei.dao.impl.UserDaoImpl.queryUserById(UserDaoImpl.java:19) - UserDaoImpl id:1
[16:51:58:607] [INFO] - com.zhang.jiwei.service.impl.UserServiceImpl.getUserNameById(UserServiceImpl.java:25) - user:User{id=1, name='name1', age=16}
[16:54:02:989] [INFO] - com.zhang.jiwei.dao.impl.UserDaoImpl.queryUserById(UserDaoImpl.java:19) - UserDaoImpl id:1
[16:54:02:989] [INFO] - com.zhang.jiwei.service.impl.UserServiceImpl.getUserNameById(UserServiceImpl.java:25) - user:User{id=1, name='name1', age=16}
[16:54:28:587] [INFO] - com.zhang.jiwei.service.impl.UserServiceImpl.getUserNameById(UserServiceImpl.java:25) - user:User{id=10, name='hello', age=16}
[17:00:21:128] [INFO] - com.zhang.jiwei.service.impl.UserServiceImpl.getUserNameById(UserServiceImpl.java:25) - user:User{id=10, name='hello', age=16}
[17:01:12:239] [INFO] - com.zhang.jiwei.service.impl.UserServiceImpl.getUserNameById(UserServiceImpl.java:25) - user:User{id=10, name='hello', age=16}
[17:02:26:612] [INFO] - com.zhang.jiwei.service.impl.UserServiceImpl.getUserNameById(UserServiceImpl.java:25) - user:User{id=10, name='hello', age=16}
[17:02:38:478] [INFO] - com.zhang.jiwei.dao.impl.UserDaoImpl.queryUserById(UserDaoImpl.java:19) - UserDaoImpl id:1
[17:03:57:252] [INFO] - com.zhang.jiwei.dao.impl.UserDaoImpl.queryUserById(UserDaoImpl.java:19) - UserDaoImpl id:1
[17:04:24:787] [INFO] - com.zhang.jiwei.dao.impl.UserDaoImpl.queryUserById(UserDaoImpl.java:19) - UserDaoImpl id:1
[17:04:46:871] [INFO] - com.zhang.jiwei.dao.impl.UserDaoImpl.queryUserById(UserDaoImpl.java:19) - UserDaoImpl id:1
[17:09:11:845] [INFO] - com.zhang.jiwei.service.impl.UserServiceImpl.getUserNameById(UserServiceImpl.java:25) - user:User{id=10, name='hello', age=16}
[17:09:11:845] [INFO] - com.zhang.jiwei.service.impl.UserServiceImpl.getUserNameById(UserServiceImpl.java:25) - user:User{id=10, name='hello', age=16}
[17:09:11:845] [INFO] - com.zhang.jiwei.service.impl.UserServiceImpl.getUserNameById(UserServiceImpl.java:25) - user:User{id=10, name='hello', age=16}
[17:09:11:861] [INFO] - com.zhang.jiwei.service.impl.UserServiceImpl.getUserNameById(UserServiceImpl.java:25) - user:User{id=10, name='hello', age=16}
[17:09:11:861] [INFO] - com.zhang.jiwei.service.impl.UserServiceImpl.getUserNameById(UserServiceImpl.java:25) - user:User{id=10, name='hello', age=16}
[17:09:25:497] [INFO] - com.zhang.jiwei.service.impl.UserServiceImpl.getUserNameById(UserServiceImpl.java:25) - user:User{id=10, name='hello', age=16}
[17:09:25:497] [INFO] - com.zhang.jiwei.service.impl.UserServiceImpl.getUserNameById(UserServiceImpl.java:25) - user:User{id=10, name='hello', age=16}
[17:09:25:497] [INFO] - com.zhang.jiwei.service.impl.UserServiceImpl.getUserNameById(UserServiceImpl.java:25) - user:User{id=10, name='hello', age=16}
[17:09:25:513] [INFO] - com.zhang.jiwei.service.impl.UserServiceImpl.getUserNameById(UserServiceImpl.java:25) - user:User{id=10, name='hello', age=16}
[17:09:25:529] [INFO] - com.zhang.jiwei.service.impl.UserServiceImpl.getUserNameById(UserServiceImpl.java:25) - user:User{id=10, name='hello', age=16}
[17:24:41:361] [INFO] - com.zhang.jiwei.service.impl.UserServiceImpl.getUserNameById(UserServiceImpl.java:25) - user:User{id=10, name='hello', age=16}
[17:24:41:380] [INFO] - com.zhang.jiwei.service.impl.UserServiceImpl.getUserNameById(UserServiceImpl.java:25) - user:User{id=10, name='hello', age=16}
[17:24:41:384] [INFO] - com.zhang.jiwei.service.impl.UserServiceImpl.getUserNameById(UserServiceImpl.java:25) - user:User{id=10, name='hello', age=16}
[17:24:41:387] [INFO] - com.zhang.jiwei.service.impl.UserServiceImpl.getUserNameById(UserServiceImpl.java:25) - user:User{id=10, name='hello', age=16}
[17:24:41:389] [INFO] - com.zhang.jiwei.service.impl.UserServiceImpl.getUserNameById(UserServiceImpl.java:25) - user:User{id=10, name='hello', age=16}
[17:24:41:392] [INFO] - com.zhang.jiwei.service.impl.UserServiceImpl.getUserNameById(UserServiceImpl.java:25) - user:User{id=10, name='hello', age=16}
[18:12:59:605] [INFO] - com.zhang.jiwei.service.impl.UserServiceImpl.getUserNameById(UserServiceImpl.java:25) - user:User{id=10, name='hello', age=16}
[18:29:19:201] [INFO] - com.zhang.jiwei.service.impl.UserServiceImpl.getUserNameById(UserServiceImpl.java:25) - user:User{id=10, name='hello', age=16}
[18:30:03:945] [INFO] - com.zhang.jiwei.service.impl.UserServiceImpl.getUserNameById(UserServiceImpl.java:25) - user:User{id=10, name='hello', age=16}
[18:31:05:234] [INFO] - com.zhang.jiwei.inteceptor.CharInterceptor.preHandle(CharInterceptor.java:20) - request url : /getUserNameById
[18:31:05:250] [INFO] - com.zhang.jiwei.service.impl.UserServiceImpl.getUserNameById(UserServiceImpl.java:25) - user:User{id=10, name='hello', age=16}
[18:31:24:376] [INFO] - com.zhang.jiwei.inteceptor.CharInterceptor.preHandle(CharInterceptor.java:20) - request url : /getUserNameById
[18:31:24:407] [INFO] - com.zhang.jiwei.dao.impl.UserDaoImpl.queryUserById(UserDaoImpl.java:19) - UserDaoImpl id:5
[18:31:24:407] [INFO] - com.zhang.jiwei.service.impl.UserServiceImpl.getUserNameById(UserServiceImpl.java:25) - user:User{id=5, name='name5', age=20}
[18:31:53:985] [INFO] - com.zhang.jiwei.inteceptor.CharInterceptor.preHandle(CharInterceptor.java:20) - request url : /getUserNameById
[18:31:54:011] [INFO] - com.zhang.jiwei.service.impl.UserServiceImpl.getUserNameById(UserServiceImpl.java:25) - user:User{id=10, name='hello', age=16}
[18:34:45:639] [INFO] - com.zhang.jiwei.inteceptor.CharInterceptor.preHandle(CharInterceptor.java:20) - request url : /getUserNameById
[18:34:45:670] [INFO] - com.zhang.jiwei.service.impl.UserServiceImpl.getUserNameById(UserServiceImpl.java:25) - user:User{id=10, name='hello', age=16}
[18:35:38:945] [INFO] - com.zhang.jiwei.inteceptor.CharInterceptor.preHandle(CharInterceptor.java:20) - request url : /getUserNameById
[18:35:38:961] [INFO] - com.zhang.jiwei.service.impl.UserServiceImpl.getUserNameById(UserServiceImpl.java:25) - user:User{id=10, name='hello', age=16}
[18:38:43:886] [INFO] - com.zhang.jiwei.inteceptor.CharInterceptor.preHandle(CharInterceptor.java:20) - request url : /getUserNameById
[18:38:43:902] [INFO] - com.zhang.jiwei.service.impl.UserServiceImpl.getUserNameById(UserServiceImpl.java:25) - user:User{id=10, name='hello', age=16}
[18:39:09:350] [INFO] - com.zhang.jiwei.inteceptor.CharInterceptor.preHandle(CharInterceptor.java:20) - request url : /getUserNameById
[18:39:09:363] [INFO] - com.zhang.jiwei.service.impl.UserServiceImpl.getUserNameById(UserServiceImpl.java:25) - user:User{id=10, name='hello', age=16}
[18:39:18:831] [INFO] - com.zhang.jiwei.inteceptor.CharInterceptor.preHandle(CharInterceptor.java:20) - request url : /getUserNameById
[18:39:18:862] [INFO] - com.zhang.jiwei.service.impl.UserServiceImpl.getUserNameById(UserServiceImpl.java:25) - user:User{id=10, name='hello', age=16}
[18:48:05:359] [INFO] - com.zhang.jiwei.service.impl.UserServiceImpl.getUserNameById(UserServiceImpl.java:25) - user:User{id=10, name='hello', age=16}
[18:48:35:191] [INFO] - com.zhang.jiwei.service.impl.UserServiceImpl.getUserNameById(UserServiceImpl.java:25) - user:User{id=10, name='hello', age=16}
[18:48:58:513] [INFO] - com.zhang.jiwei.inteceptor.CharInterceptor.preHandle(CharInterceptor.java:20) - request url : /getUserNameById
[18:48:58:529] [INFO] - com.zhang.jiwei.service.impl.UserServiceImpl.getUserNameById(UserServiceImpl.java:25) - user:User{id=10, name='hello', age=16}
[18:50:40:567] [INFO] - com.zhang.jiwei.service.impl.UserServiceImpl.getUserNameById(UserServiceImpl.java:25) - user:User{id=10, name='hello', age=16}
