[11:10:57:291] [INFO] - org.eclipse.jetty.util.log.Log.initialized(Log.java:192) - Logging initialized @745ms to org.eclipse.jetty.util.log.Slf4jLog
[11:10:57:406] [INFO] - org.eclipse.jetty.server.Server.doStart(Server.java:373) - jetty-9.4.8.v20171121, build timestamp: 2017-11-22T05:27:37+08:00, git hash: 82b8fb23f757335bb3329d540ce37a2a2615f0a8
[11:10:57:831] [WARN] - org.eclipse.jetty.webapp.WebInfConfiguration.unpack(WebInfConfiguration.java:664) - Web application not found F:\workspace\spring_anno_mvc2/src/main/webapp
[11:10:57:832] [WARN] - org.eclipse.jetty.webapp.WebAppContext.doStart(WebAppContext.java:554) - Failed startup of context o.e.j.w.WebAppContext@1b1473ab{/,null,UNAVAILABLE}{F:\workspace\spring_anno_mvc2/src/main/webapp}
java.io.FileNotFoundException: F:\workspace\spring_anno_mvc2/src/main/webapp
	at org.eclipse.jetty.webapp.WebInfConfiguration.unpack(WebInfConfiguration.java:665) ~[jetty-webapp-9.4.8.v20171121.jar:9.4.8.v20171121]
	at org.eclipse.jetty.webapp.WebInfConfiguration.preConfigure(WebInfConfiguration.java:154) ~[jetty-webapp-9.4.8.v20171121.jar:9.4.8.v20171121]
	at org.eclipse.jetty.webapp.WebAppContext.preConfigure(WebAppContext.java:506) ~[jetty-webapp-9.4.8.v20171121.jar:9.4.8.v20171121]
	at org.eclipse.jetty.webapp.WebAppContext.doStart(WebAppContext.java:544) [jetty-webapp-9.4.8.v20171121.jar:9.4.8.v20171121]
	at org.eclipse.jetty.util.component.AbstractLifeCycle.start(AbstractLifeCycle.java:68) [jetty-util-9.4.8.v20171121.jar:9.4.8.v20171121]
	at org.eclipse.jetty.util.component.ContainerLifeCycle.start(ContainerLifeCycle.java:133) [jetty-util-9.4.8.v20171121.jar:9.4.8.v20171121]
	at org.eclipse.jetty.server.Server.start(Server.java:418) [jetty-server-9.4.8.v20171121.jar:9.4.8.v20171121]
	at org.eclipse.jetty.util.component.ContainerLifeCycle.doStart(ContainerLifeCycle.java:107) [jetty-util-9.4.8.v20171121.jar:9.4.8.v20171121]
	at org.eclipse.jetty.server.handler.AbstractHandler.doStart(AbstractHandler.java:113) [jetty-server-9.4.8.v20171121.jar:9.4.8.v20171121]
	at org.eclipse.jetty.server.Server.doStart(Server.java:385) [jetty-server-9.4.8.v20171121.jar:9.4.8.v20171121]
	at org.eclipse.jetty.util.component.AbstractLifeCycle.start(AbstractLifeCycle.java:68) [jetty-util-9.4.8.v20171121.jar:9.4.8.v20171121]
	at com.zhang.jiwei.StartUp.main(StartUp.java:38) [classes/:?]
	at sun.reflect.NativeMethodAccessorImpl.invoke0(Native Method) ~[?:1.8.0_121]
	at sun.reflect.NativeMethodAccessorImpl.invoke(NativeMethodAccessorImpl.java:62) ~[?:1.8.0_121]
	at sun.reflect.DelegatingMethodAccessorImpl.invoke(DelegatingMethodAccessorImpl.java:43) ~[?:1.8.0_121]
	at java.lang.reflect.Method.invoke(Method.java:498) ~[?:1.8.0_121]
	at com.intellij.rt.execution.application.AppMain.main(AppMain.java:147) [idea_rt.jar:?]
[11:10:57:913] [INFO] - org.eclipse.jetty.server.AbstractConnector.doStart(AbstractConnector.java:288) - Started ServerConnector@1e67a849{HTTP/1.1,[http/1.1]}{0.0.0.0:8080}
[11:10:57:914] [INFO] - org.eclipse.jetty.server.Server.doStart(Server.java:410) - Started @1369ms
[11:11:26:971] [INFO] - org.eclipse.jetty.util.log.Log.initialized(Log.java:192) - Logging initialized @776ms to org.eclipse.jetty.util.log.Slf4jLog
[11:11:27:092] [INFO] - org.eclipse.jetty.server.Server.doStart(Server.java:373) - jetty-9.4.8.v20171121, build timestamp: 2017-11-22T05:27:37+08:00, git hash: 82b8fb23f757335bb3329d540ce37a2a2615f0a8
[11:11:27:521] [WARN] - org.eclipse.jetty.webapp.WebInfConfiguration.unpack(WebInfConfiguration.java:664) - Web application not found F:\workspace\spring_anno_mvc2/src/main/webapp
[11:11:27:521] [WARN] - org.eclipse.jetty.webapp.WebAppContext.doStart(WebAppContext.java:554) - Failed startup of context o.e.j.w.WebAppContext@1b1473ab{/,null,UNAVAILABLE}{F:\workspace\spring_anno_mvc2/src/main/webapp}
java.io.FileNotFoundException: F:\workspace\spring_anno_mvc2/src/main/webapp
	at org.eclipse.jetty.webapp.WebInfConfiguration.unpack(WebInfConfiguration.java:665) ~[jetty-webapp-9.4.8.v20171121.jar:9.4.8.v20171121]
	at org.eclipse.jetty.webapp.WebInfConfiguration.preConfigure(WebInfConfiguration.java:154) ~[jetty-webapp-9.4.8.v20171121.jar:9.4.8.v20171121]
	at org.eclipse.jetty.webapp.WebAppContext.preConfigure(WebAppContext.java:506) ~[jetty-webapp-9.4.8.v20171121.jar:9.4.8.v20171121]
	at org.eclipse.jetty.webapp.WebAppContext.doStart(WebAppContext.java:544) [jetty-webapp-9.4.8.v20171121.jar:9.4.8.v20171121]
	at org.eclipse.jetty.util.component.AbstractLifeCycle.start(AbstractLifeCycle.java:68) [jetty-util-9.4.8.v20171121.jar:9.4.8.v20171121]
	at org.eclipse.jetty.util.component.ContainerLifeCycle.start(ContainerLifeCycle.java:133) [jetty-util-9.4.8.v20171121.jar:9.4.8.v20171121]
	at org.eclipse.jetty.server.Server.start(Server.java:418) [jetty-server-9.4.8.v20171121.jar:9.4.8.v20171121]
	at org.eclipse.jetty.util.component.ContainerLifeCycle.doStart(ContainerLifeCycle.java:107) [jetty-util-9.4.8.v20171121.jar:9.4.8.v20171121]
	at org.eclipse.jetty.server.handler.AbstractHandler.doStart(AbstractHandler.java:113) [jetty-server-9.4.8.v20171121.jar:9.4.8.v20171121]
	at org.eclipse.jetty.server.Server.doStart(Server.java:385) [jetty-server-9.4.8.v20171121.jar:9.4.8.v20171121]
	at org.eclipse.jetty.util.component.AbstractLifeCycle.start(AbstractLifeCycle.java:68) [jetty-util-9.4.8.v20171121.jar:9.4.8.v20171121]
	at com.zhang.jiwei.StartUp.main(StartUp.java:39) [classes/:?]
	at sun.reflect.NativeMethodAccessorImpl.invoke0(Native Method) ~[?:1.8.0_121]
	at sun.reflect.NativeMethodAccessorImpl.invoke(NativeMethodAccessorImpl.java:62) ~[?:1.8.0_121]
	at sun.reflect.DelegatingMethodAccessorImpl.invoke(DelegatingMethodAccessorImpl.java:43) ~[?:1.8.0_121]
	at java.lang.reflect.Method.invoke(Method.java:498) ~[?:1.8.0_121]
	at com.intellij.rt.execution.application.AppMain.main(AppMain.java:147) [idea_rt.jar:?]
[11:11:27:595] [INFO] - org.eclipse.jetty.server.AbstractConnector.doStart(AbstractConnector.java:288) - Started ServerConnector@1e67a849{HTTP/1.1,[http/1.1]}{0.0.0.0:8080}
[11:11:27:596] [INFO] - org.eclipse.jetty.server.Server.doStart(Server.java:410) - Started @1402ms
[11:11:52:461] [INFO] - org.eclipse.jetty.util.log.Log.initialized(Log.java:192) - Logging initialized @694ms to org.eclipse.jetty.util.log.Slf4jLog
[11:11:52:589] [INFO] - org.eclipse.jetty.server.Server.doStart(Server.java:373) - jetty-9.4.8.v20171121, build timestamp: 2017-11-22T05:27:37+08:00, git hash: 82b8fb23f757335bb3329d540ce37a2a2615f0a8
[11:11:53:101] [INFO] - org.eclipse.jetty.webapp.StandardDescriptorProcessor.visitServlet(StandardDescriptorProcessor.java:281) - NO JSP Support for /, did not find org.eclipse.jetty.jsp.JettyJspServlet
[11:11:53:145] [INFO] - org.eclipse.jetty.server.session.DefaultSessionIdManager.doStart(DefaultSessionIdManager.java:364) - DefaultSessionIdManager workerName=node0
[11:11:53:145] [INFO] - org.eclipse.jetty.server.session.DefaultSessionIdManager.doStart(DefaultSessionIdManager.java:369) - No SessionScavenger set, using defaults
[11:11:53:149] [INFO] - org.eclipse.jetty.server.session.HouseKeeper.startScavenging(HouseKeeper.java:149) - Scavenging every 600000ms
[11:11:53:192] [INFO] - org.eclipse.jetty.server.handler.ContextHandler$Context.log(ContextHandler.java:2221) - Initializing Spring root WebApplicationContext
[11:11:53:193] [INFO] - org.springframework.web.context.ContextLoader.initWebApplicationContext(ContextLoader.java:304) - Root WebApplicationContext: initialization started
[11:11:53:312] [INFO] - org.springframework.context.support.AbstractApplicationContext.prepareRefresh(AbstractApplicationContext.java:583) - Refreshing Root WebApplicationContext: startup date [Sun Apr 01 11:11:53 GMT+08:00 2018]; root of context hierarchy
[11:11:53:397] [INFO] - org.springframework.web.context.support.AnnotationConfigWebApplicationContext.loadBeanDefinitions(AnnotationConfigWebApplicationContext.java:227) - Successfully resolved class for [com.zhang.jiwei.config.SpringConfig]
[11:11:53:749] [WARN] - org.springframework.context.annotation.ConfigurationClassPostProcessor.enhanceConfigurationClasses(ConfigurationClassPostProcessor.java:373) - Cannot enhance @Configuration bean definition 'com.zhang.jiwei.config.MybatisConfig' since its singleton instance has been created too early. The typical cause is a non-static @Bean method with a BeanDefinitionRegistryPostProcessor return type: Consider declaring such methods as 'static'.
[11:11:54:244] [INFO] - org.springframework.web.context.ContextLoader.initWebApplicationContext(ContextLoader.java:344) - Root WebApplicationContext: initialization completed in 1051 ms
[11:11:54:285] [INFO] - org.eclipse.jetty.server.handler.ContextHandler.doStart(ContextHandler.java:788) - Started o.e.j.w.WebAppContext@1b1473ab{/,file:///F:/workspace/spring_anno_mvc2/mvc/src/main/webapp/,AVAILABLE}{F:\workspace\spring_anno_mvc2/mvc/src/main/webapp}
[11:11:54:330] [INFO] - org.eclipse.jetty.server.AbstractConnector.doStart(AbstractConnector.java:288) - Started ServerConnector@1e67a849{HTTP/1.1,[http/1.1]}{0.0.0.0:8080}
[11:11:54:331] [INFO] - org.eclipse.jetty.server.Server.doStart(Server.java:410) - Started @2564ms
[11:12:03:045] [INFO] - org.eclipse.jetty.server.handler.ContextHandler$Context.log(ContextHandler.java:2221) - Initializing Spring FrameworkServlet 'dispatcher'
[11:12:03:045] [INFO] - org.springframework.web.servlet.FrameworkServlet.initServletBean(FrameworkServlet.java:489) - FrameworkServlet 'dispatcher': initialization started
[11:12:03:048] [INFO] - org.springframework.context.support.AbstractApplicationContext.prepareRefresh(AbstractApplicationContext.java:583) - Refreshing WebApplicationContext for namespace 'dispatcher-servlet': startup date [Sun Apr 01 11:12:03 GMT+08:00 2018]; parent: Root WebApplicationContext
[11:12:03:050] [INFO] - org.springframework.web.context.support.AnnotationConfigWebApplicationContext.loadBeanDefinitions(AnnotationConfigWebApplicationContext.java:227) - Successfully resolved class for [com.zhang.jiwei.config.MvcConfig]
[11:12:03:380] [INFO] - org.springframework.web.servlet.handler.AbstractHandlerMethodMapping$MappingRegistry.register(AbstractHandlerMethodMapping.java:543) - Mapped "{[/updateUser]}" onto public com.zhang.jiwei.entity.User com.zhang.jiwei.controller.UserController.getUserNameById(com.zhang.jiwei.entity.User)
[11:12:03:381] [INFO] - org.springframework.web.servlet.handler.AbstractHandlerMethodMapping$MappingRegistry.register(AbstractHandlerMethodMapping.java:543) - Mapped "{[/getUserNameById]}" onto public java.lang.String com.zhang.jiwei.controller.UserController.getUserNameById(int)
[11:12:03:381] [INFO] - org.springframework.web.servlet.handler.AbstractHandlerMethodMapping$MappingRegistry.register(AbstractHandlerMethodMapping.java:543) - Mapped "{[/getUserById]}" onto public com.zhang.jiwei.entity.User com.zhang.jiwei.controller.UserController.getUserById(int)
[11:12:03:381] [INFO] - org.springframework.web.servlet.handler.AbstractHandlerMethodMapping$MappingRegistry.register(AbstractHandlerMethodMapping.java:543) - Mapped "{[/getUserByName]}" onto public com.zhang.jiwei.entity.User com.zhang.jiwei.controller.UserController.getUserByName(java.lang.String)
[11:12:03:416] [INFO] - org.springframework.web.servlet.handler.AbstractUrlHandlerMapping.registerHandler(AbstractUrlHandlerMapping.java:362) - Mapped URL path [/**] onto handler of type [class org.springframework.web.servlet.resource.DefaultServletHttpRequestHandler]
[11:12:03:537] [INFO] - org.springframework.web.servlet.mvc.method.annotation.RequestMappingHandlerAdapter.initControllerAdviceCache(RequestMappingHandlerAdapter.java:534) - Looking for @ControllerAdvice: WebApplicationContext for namespace 'dispatcher-servlet': startup date [Sun Apr 01 11:12:03 GMT+08:00 2018]; parent: Root WebApplicationContext
[11:12:03:666] [INFO] - org.springframework.web.servlet.FrameworkServlet.initServletBean(FrameworkServlet.java:508) - FrameworkServlet 'dispatcher': initialization completed in 621 ms
[11:12:03:687] [INFO] - com.zhang.jiwei.inteceptor.CharInterceptor.preHandle(CharInterceptor.java:20) - request url : /v1/getUserByName
[11:34:29:026] [INFO] - org.eclipse.jetty.util.log.Log.initialized(Log.java:192) - Logging initialized @792ms to org.eclipse.jetty.util.log.Slf4jLog
[11:34:29:157] [INFO] - org.eclipse.jetty.server.Server.doStart(Server.java:373) - jetty-9.4.8.v20171121, build timestamp: 2017-11-22T05:27:37+08:00, git hash: 82b8fb23f757335bb3329d540ce37a2a2615f0a8
[11:34:29:702] [INFO] - org.eclipse.jetty.webapp.StandardDescriptorProcessor.visitServlet(StandardDescriptorProcessor.java:281) - NO JSP Support for /, did not find org.eclipse.jetty.jsp.JettyJspServlet
[11:34:29:750] [INFO] - org.eclipse.jetty.server.session.DefaultSessionIdManager.doStart(DefaultSessionIdManager.java:364) - DefaultSessionIdManager workerName=node0
[11:34:29:750] [INFO] - org.eclipse.jetty.server.session.DefaultSessionIdManager.doStart(DefaultSessionIdManager.java:369) - No SessionScavenger set, using defaults
[11:34:29:759] [INFO] - org.eclipse.jetty.server.session.HouseKeeper.startScavenging(HouseKeeper.java:149) - Scavenging every 600000ms
[11:34:29:831] [INFO] - org.eclipse.jetty.server.handler.ContextHandler$Context.log(ContextHandler.java:2221) - Initializing Spring root WebApplicationContext
[11:34:29:832] [INFO] - org.springframework.web.context.ContextLoader.initWebApplicationContext(ContextLoader.java:304) - Root WebApplicationContext: initialization started
[11:34:29:992] [INFO] - org.springframework.context.support.AbstractApplicationContext.prepareRefresh(AbstractApplicationContext.java:583) - Refreshing Root WebApplicationContext: startup date [Sun Apr 01 11:34:29 GMT+08:00 2018]; root of context hierarchy
[11:34:30:099] [INFO] - org.springframework.web.context.support.AnnotationConfigWebApplicationContext.loadBeanDefinitions(AnnotationConfigWebApplicationContext.java:227) - Successfully resolved class for [com.zhang.jiwei.config.SpringConfig]
[11:35:19:460] [INFO] - org.eclipse.jetty.util.log.Log.initialized(Log.java:192) - Logging initialized @827ms to org.eclipse.jetty.util.log.Slf4jLog
[11:35:19:585] [INFO] - org.eclipse.jetty.server.Server.doStart(Server.java:373) - jetty-9.4.8.v20171121, build timestamp: 2017-11-22T05:27:37+08:00, git hash: 82b8fb23f757335bb3329d540ce37a2a2615f0a8
[11:35:20:105] [INFO] - org.eclipse.jetty.webapp.StandardDescriptorProcessor.visitServlet(StandardDescriptorProcessor.java:281) - NO JSP Support for /, did not find org.eclipse.jetty.jsp.JettyJspServlet
[11:35:20:148] [INFO] - org.eclipse.jetty.server.session.DefaultSessionIdManager.doStart(DefaultSessionIdManager.java:364) - DefaultSessionIdManager workerName=node0
[11:35:20:148] [INFO] - org.eclipse.jetty.server.session.DefaultSessionIdManager.doStart(DefaultSessionIdManager.java:369) - No SessionScavenger set, using defaults
[11:35:20:152] [INFO] - org.eclipse.jetty.server.session.HouseKeeper.startScavenging(HouseKeeper.java:149) - Scavenging every 660000ms
[11:35:20:249] [INFO] - org.eclipse.jetty.server.handler.ContextHandler$Context.log(ContextHandler.java:2221) - Initializing Spring root WebApplicationContext
[11:35:20:253] [INFO] - org.springframework.web.context.ContextLoader.initWebApplicationContext(ContextLoader.java:304) - Root WebApplicationContext: initialization started
[11:35:20:425] [INFO] - org.springframework.context.support.AbstractApplicationContext.prepareRefresh(AbstractApplicationContext.java:583) - Refreshing Root WebApplicationContext: startup date [Sun Apr 01 11:35:20 GMT+08:00 2018]; root of context hierarchy
