[11:10:57:831] [WARN] - org.eclipse.jetty.webapp.WebInfConfiguration.unpack(WebInfConfiguration.java:664) - Web application not found F:\workspace\spring_anno_mvc2/src/main/webapp
[11:10:57:832] [WARN] - org.eclipse.jetty.webapp.WebAppContext.doStart(WebAppContext.java:554) - Failed startup of context o.e.j.w.WebAppContext@1b1473ab{/,null,UNAVAILABLE}{F:\workspace\spring_anno_mvc2/src/main/webapp}
java.io.FileNotFoundException: F:\workspace\spring_anno_mvc2/src/main/webapp
	at org.eclipse.jetty.webapp.WebInfConfiguration.unpack(WebInfConfiguration.java:665) ~[jetty-webapp-9.4.8.v20171121.jar:9.4.8.v20171121]
	at org.eclipse.jetty.webapp.WebInfConfiguration.preConfigure(WebInfConfiguration.java:154) ~[jetty-webapp-9.4.8.v20171121.jar:9.4.8.v20171121]
	at org.eclipse.jetty.webapp.WebAppContext.preConfigure(WebAppContext.java:506) ~[jetty-webapp-9.4.8.v20171121.jar:9.4.8.v20171121]
	at org.eclipse.jetty.webapp.WebAppContext.doStart(WebAppContext.java:544) [jetty-webapp-9.4.8.v20171121.jar:9.4.8.v20171121]
	at org.eclipse.jetty.util.component.AbstractLifeCycle.start(AbstractLifeCycle.java:68) [jetty-util-9.4.8.v20171121.jar:9.4.8.v20171121]
	at org.eclipse.jetty.util.component.ContainerLifeCycle.start(ContainerLifeCycle.java:133) [jetty-util-9.4.8.v20171121.jar:9.4.8.v20171121]
	at org.eclipse.jetty.server.Server.start(Server.java:418) [jetty-server-9.4.8.v20171121.jar:9.4.8.v20171121]
	at org.eclipse.jetty.util.component.ContainerLifeCycle.doStart(ContainerLifeCycle.java:107) [jetty-util-9.4.8.v20171121.jar:9.4.8.v20171121]
	at org.eclipse.jetty.server.handler.AbstractHandler.doStart(AbstractHandler.java:113) [jetty-server-9.4.8.v20171121.jar:9.4.8.v20171121]
	at org.eclipse.jetty.server.Server.doStart(Server.java:385) [jetty-server-9.4.8.v20171121.jar:9.4.8.v20171121]
	at org.eclipse.jetty.util.component.AbstractLifeCycle.start(AbstractLifeCycle.java:68) [jetty-util-9.4.8.v20171121.jar:9.4.8.v20171121]
	at com.zhang.jiwei.StartUp.main(StartUp.java:38) [classes/:?]
	at sun.reflect.NativeMethodAccessorImpl.invoke0(Native Method) ~[?:1.8.0_121]
	at sun.reflect.NativeMethodAccessorImpl.invoke(NativeMethodAccessorImpl.java:62) ~[?:1.8.0_121]
	at sun.reflect.DelegatingMethodAccessorImpl.invoke(DelegatingMethodAccessorImpl.java:43) ~[?:1.8.0_121]
	at java.lang.reflect.Method.invoke(Method.java:498) ~[?:1.8.0_121]
	at com.intellij.rt.execution.application.AppMain.main(AppMain.java:147) [idea_rt.jar:?]
[11:11:27:521] [WARN] - org.eclipse.jetty.webapp.WebInfConfiguration.unpack(WebInfConfiguration.java:664) - Web application not found F:\workspace\spring_anno_mvc2/src/main/webapp
[11:11:27:521] [WARN] - org.eclipse.jetty.webapp.WebAppContext.doStart(WebAppContext.java:554) - Failed startup of context o.e.j.w.WebAppContext@1b1473ab{/,null,UNAVAILABLE}{F:\workspace\spring_anno_mvc2/src/main/webapp}
java.io.FileNotFoundException: F:\workspace\spring_anno_mvc2/src/main/webapp
	at org.eclipse.jetty.webapp.WebInfConfiguration.unpack(WebInfConfiguration.java:665) ~[jetty-webapp-9.4.8.v20171121.jar:9.4.8.v20171121]
	at org.eclipse.jetty.webapp.WebInfConfiguration.preConfigure(WebInfConfiguration.java:154) ~[jetty-webapp-9.4.8.v20171121.jar:9.4.8.v20171121]
	at org.eclipse.jetty.webapp.WebAppContext.preConfigure(WebAppContext.java:506) ~[jetty-webapp-9.4.8.v20171121.jar:9.4.8.v20171121]
	at org.eclipse.jetty.webapp.WebAppContext.doStart(WebAppContext.java:544) [jetty-webapp-9.4.8.v20171121.jar:9.4.8.v20171121]
	at org.eclipse.jetty.util.component.AbstractLifeCycle.start(AbstractLifeCycle.java:68) [jetty-util-9.4.8.v20171121.jar:9.4.8.v20171121]
	at org.eclipse.jetty.util.component.ContainerLifeCycle.start(ContainerLifeCycle.java:133) [jetty-util-9.4.8.v20171121.jar:9.4.8.v20171121]
	at org.eclipse.jetty.server.Server.start(Server.java:418) [jetty-server-9.4.8.v20171121.jar:9.4.8.v20171121]
	at org.eclipse.jetty.util.component.ContainerLifeCycle.doStart(ContainerLifeCycle.java:107) [jetty-util-9.4.8.v20171121.jar:9.4.8.v20171121]
	at org.eclipse.jetty.server.handler.AbstractHandler.doStart(AbstractHandler.java:113) [jetty-server-9.4.8.v20171121.jar:9.4.8.v20171121]
	at org.eclipse.jetty.server.Server.doStart(Server.java:385) [jetty-server-9.4.8.v20171121.jar:9.4.8.v20171121]
	at org.eclipse.jetty.util.component.AbstractLifeCycle.start(AbstractLifeCycle.java:68) [jetty-util-9.4.8.v20171121.jar:9.4.8.v20171121]
	at com.zhang.jiwei.StartUp.main(StartUp.java:39) [classes/:?]
	at sun.reflect.NativeMethodAccessorImpl.invoke0(Native Method) ~[?:1.8.0_121]
	at sun.reflect.NativeMethodAccessorImpl.invoke(NativeMethodAccessorImpl.java:62) ~[?:1.8.0_121]
	at sun.reflect.DelegatingMethodAccessorImpl.invoke(DelegatingMethodAccessorImpl.java:43) ~[?:1.8.0_121]
	at java.lang.reflect.Method.invoke(Method.java:498) ~[?:1.8.0_121]
	at com.intellij.rt.execution.application.AppMain.main(AppMain.java:147) [idea_rt.jar:?]
[11:11:53:749] [WARN] - org.springframework.context.annotation.ConfigurationClassPostProcessor.enhanceConfigurationClasses(ConfigurationClassPostProcessor.java:373) - Cannot enhance @Configuration bean definition 'com.zhang.jiwei.config.MybatisConfig' since its singleton instance has been created too early. The typical cause is a non-static @Bean method with a BeanDefinitionRegistryPostProcessor return type: Consider declaring such methods as 'static'.
